2026-01-04 11:49:40,750 - INFO - ETL job started
2026-01-04 11:49:40,754 - INFO - Extracted 1000 rows
2026-01-04 11:49:40,759 - INFO - Transformed 900 rows
2026-01-04 11:49:40,853 - INFO - ETL job completed successfully}
ETL ran successfully at 2026-01-04 11:49:40.853910
2026-01-04 11:49:42,651 - INFO - ETL job started
2026-01-04 11:49:42,654 - INFO - Extracted 1000 rows
2026-01-04 11:49:42,659 - INFO - Transformed 900 rows
2026-01-04 11:49:42,745 - INFO - ETL job completed successfully}
ETL ran successfully at 2026-01-04 11:49:42.745324
ETL ran successfully at 2026-01-04 11:50:01.638481
ETL ran successfully at 2026-01-04 11:51:02.782927
ETL ran successfully at 2026-01-04 11:52:02.447588
ETL ran successfully at 2026-01-04 11:53:02.108459
ETL ran successfully at 2026-01-04 11:54:01.753012
ETL ran successfully at 2026-01-04 11:55:02.402108
ETL ran successfully at 2026-01-04 11:56:02.039713
ETL ran successfully at 2026-01-04 11:57:01.656975
ETL ran successfully at 2026-01-04 11:58:02.310555
ETL ran successfully at 2026-01-04 11:59:01.548013
ETL ran successfully at 2026-01-04 12:03:02.404467
ETL ran successfully at 2026-01-04 12:04:01.657335
ETL ran successfully at 2026-01-04 12:05:01.929854
ETL ran successfully at 2026-01-04 12:06:01.657814
ETL ran successfully at 2026-01-04 12:09:01.666837
ETL ran successfully at 2026-01-04 12:10:01.912574
